<?xml version="1.0" encoding="UTF-8"?>
<!-- Generated by org.testng.reporters.JUnitReportReporter -->
<testsuite hostname="DESKTOP-4UIURN4" failures="0" tests="1" name="com.utils.ScreenshotUtil" time="8.595" errors="0" timestamp="2025-05-30T11:51:39 IST" skipped="0">
  <testcase classname="com.utils.ScreenshotUtil" name="captureScreenshot" time="8.595"/>
</testsuite> <!-- com.utils.ScreenshotUtil -->
