<?xml version="1.0" encoding="UTF-8"?>
<!-- Generated by org.testng.reporters.JUnitReportReporter -->
<testsuite hostname="DESKTOP-4UIURN4" failures="0" tests="1" name="com.testcase.Login_TestCase_001" time="21.064" errors="0" timestamp="2025-05-31T19:53:07 IST" skipped="0">
  <testcase classname="com.testcase.Login_TestCase_001" name="loginTest" time="21.064"/>
</testsuite> <!-- com.testcase.Login_TestCase_001 -->
