<?xml version="1.0" encoding="UTF-8"?>
<!-- Generated by org.testng.reporters.JUnitReportReporter -->
<testsuite hostname="DESKTOP-4UIURN4" failures="0" tests="1" name="com.testcase.ProductFullDetails_TestCase004" time="33.412" errors="0" timestamp="2025-05-31T22:23:23 IST" skipped="0">
  <testcase classname="com.testcase.ProductFullDetails_TestCase004" name="addToCart" time="33.412"/>
</testsuite> <!-- com.testcase.ProductFullDetails_TestCase004 -->
