<?xml version="1.0" encoding="UTF-8"?>
<!-- Generated by org.testng.reporters.JUnitReportReporter -->
<testsuite hostname="DESKTOP-4UIURN4" failures="0" tests="2" name="com.testcase.Login_TestCase_001" time="61.785" errors="0" timestamp="2025-05-29T18:10:06 IST" skipped="0">
  <testcase classname="com.testcase.Login_TestCase_001" name="loginTest" time="29.622"/>
  <testcase classname="com.testcase.Login_TestCase_001" name="loginTest" time="32.163"/>
</testsuite> <!-- com.testcase.Login_TestCase_001 -->
