<?xml version="1.0" encoding="UTF-8"?>
<!-- Generated by org.testng.reporters.JUnitReportReporter -->
<testsuite hostname="DESKTOP-4UIURN4" failures="0" tests="1" name="com.testcase.Inventory_TestCase_002" time="18.014" errors="0" timestamp="2025-05-14T15:24:26 IST" skipped="0">
  <testcase classname="com.testcase.Inventory_TestCase_002" name="inventory" time="18.014"/>
</testsuite> <!-- com.testcase.Inventory_TestCase_002 -->
